<?xml version="1.0" encoding="UTF-8"?>
<!-- Generated by org.testng.reporters.JUnitXMLReporter -->
<testsuite hostname="EMACBOOK.local" name="Command line test" tests="13" failures="0" timestamp="18 Aug 2015 12:41:53 GMT" time="0.049" errors="0">
  <testcase name="@BeforeClass setUp" time="0.0" classname="com.tesco.clubcardmobile.tests.HomeTest">
    <failure type="org.testng.TestNGException" message="
Parameter &amp;apos;DRIVER_NAME&amp;apos; is required by @Configuration on method setUp but has not been marked @Optional or defined
">
      <![CDATA[org.testng.TestNGException: 
Parameter 'DRIVER_NAME' is required by @Configuration on method setUp but has not been marked @Optional or defined

... Removed 31 stack frames]]>
    </failure>
  </testcase> <!-- @BeforeClass setUp -->
  <testcase name="@AfterClass tearDown" time="0.0" classname="com.tesco.clubcardmobile.tests.HomeTest">
    <skipped/>
  </testcase> <!-- @AfterClass tearDown -->
  <testcase name="@BeforeClass setUp" time="0.0" classname="com.tesco.clubcardmobile.tests.UserJourneyTest">
    <failure type="org.testng.TestNGException" message="
Parameter &amp;apos;DRIVER_NAME&amp;apos; is required by @Configuration on method setUp but has not been marked @Optional or defined
">
      <![CDATA[org.testng.TestNGException: 
Parameter 'DRIVER_NAME' is required by @Configuration on method setUp but has not been marked @Optional or defined

... Removed 31 stack frames]]>
    </failure>
  </testcase> <!-- @BeforeClass setUp -->
  <testcase name="@AfterClass tearDown" time="0.0" classname="com.tesco.clubcardmobile.tests.UserJourneyTest">
    <skipped/>
  </testcase> <!-- @AfterClass tearDown -->
  <testcase name="@BeforeMethod setUp" time="0.0" classname="com.tesco.clubcardmobile.tests.NoNetworkTest">
    <failure type="org.testng.TestNGException" message="
Parameter &amp;apos;DRIVER_NAME&amp;apos; is required by @Configuration on method setUp but has not been marked @Optional or defined
">
      <![CDATA[org.testng.TestNGException: 
Parameter 'DRIVER_NAME' is required by @Configuration on method setUp but has not been marked @Optional or defined

... Removed 33 stack frames]]>
    </failure>
  </testcase> <!-- @BeforeMethod setUp -->
  <testcase name="@BeforeMethod setUp" time="0.0" classname="com.tesco.clubcardmobile.tests.NoNetworkTest">
    <skipped/>
  </testcase> <!-- @BeforeMethod setUp -->
  <testcase name="verifyLogin" time="0.0" classname="com.tesco.clubcardmobile.tests.HomeTest">
    <skipped/>
  </testcase> <!-- verifyLogin -->
  <testcase name="userJourney1" time="0.0" classname="com.tesco.clubcardmobile.tests.UserJourneyTest">
    <skipped/>
  </testcase> <!-- userJourney1 -->
  <testcase name="verifyRegistrationFirstScreen" time="0.008" classname="com.tesco.clubcardmobile.tests.NoNetworkTest">
    <skipped/>
  </testcase> <!-- verifyRegistrationFirstScreen -->
  <testcase name="verifyRegistrationSecondScreen" time="0.001" classname="com.tesco.clubcardmobile.tests.NoNetworkTest">
    <skipped/>
  </testcase> <!-- verifyRegistrationSecondScreen -->
  <testcase name="verifySignInScreen" time="0.0" classname="com.tesco.clubcardmobile.tests.NoNetworkTest">
    <skipped/>
  </testcase> <!-- verifySignInScreen -->
  <testcase name="verifySecureSignInScreen" time="0.0" classname="com.tesco.clubcardmobile.tests.NoNetworkTest">
    <skipped/>
  </testcase> <!-- verifySecureSignInScreen -->
  <testcase name="verifyHomeScreen" time="0.0" classname="com.tesco.clubcardmobile.tests.NoNetworkTest">
    <skipped/>
  </testcase> <!-- verifyHomeScreen -->
  <testcase name="verifyStoreFinderScreen" time="0.0" classname="com.tesco.clubcardmobile.tests.NoNetworkTest">
    <skipped/>
  </testcase> <!-- verifyStoreFinderScreen -->
  <testcase name="verifyProfileScreen" time="0.0" classname="com.tesco.clubcardmobile.tests.NoNetworkTest">
    <skipped/>
  </testcase> <!-- verifyProfileScreen -->
  <testcase name="verifyCouponsScreen" time="0.0" classname="com.tesco.clubcardmobile.tests.NoNetworkTest">
    <skipped/>
  </testcase> <!-- verifyCouponsScreen -->
  <testcase name="verifyOffersScreen" time="0.0" classname="com.tesco.clubcardmobile.tests.NoNetworkTest">
    <skipped/>
  </testcase> <!-- verifyOffersScreen -->
  <testcase name="verifyTillScreen" time="0.0" classname="com.tesco.clubcardmobile.tests.NoNetworkTest">
    <skipped/>
  </testcase> <!-- verifyTillScreen -->
  <testcase name="verifyFAQScreen" time="0.0" classname="com.tesco.clubcardmobile.tests.NoNetworkTest">
    <skipped/>
  </testcase> <!-- verifyFAQScreen -->
</testsuite> <!-- Command line test -->
