<!DOCTYPE html PUBLIC "-//W3C//DTD XHTML 1.1//EN" "http://www.w3.org/TR/xhtml11/DTD/xhtml11.dtd">
<html xmlns="http://www.w3.org/1999/xhtml"><head><title>TestNG Report</title><style type="text/css">table {margin-bottom:10px;border-collapse:collapse;empty-cells:show}th,td {border:1px solid #009;padding:.25em .5em}th {vertical-align:bottom}td {vertical-align:top}table a {font-weight:bold}.stripe td {background-color: #E6EBF9}.num {text-align:right}.passedodd td {background-color: #3F3}.passedeven td {background-color: #0A0}.skippedodd td {background-color: #DDD}.skippedeven td {background-color: #CCC}.failedodd td,.attn {background-color: #F33}.failedeven td,.stripe .attn {background-color: #D00}.stacktrace {white-space:pre;font-family:monospace}.totop {font-size:85%;text-align:center;border-bottom:2px solid #000}</style></head><body><table><tr><th>Test</th><th># Passed</th><th># Skipped</th><th># Failed</th><th>Time (ms)</th><th>Included Groups</th><th>Excluded Groups</th></tr><tr><th colspan="7">Command line suite</th></tr><tr><td><a href="#t0">Command line test</a></td><td class="num">0</td><td class="num attn">13</td><td class="num">0</td><td class="num">49</td><td></td><td></td></tr></table><table><thead><tr><th>Class</th><th>Method</th><th>Start</th><th>Time (ms)</th></tr></thead><tbody><tr><th colspan="4">Command line suite</th></tr></tbody><tbody id="t0"><tr><th colspan="4">Command line test &#8212; failed (configuration methods)</th></tr><tr class="failedeven"><td rowspan="1">com.tesco.clubcardmobile.tests.HomeTest</td><td><a href="#m0">setUp</a></td><td rowspan="1">1439901713330</td><td rowspan="1">0</td></tr><tr class="failedodd"><td rowspan="1">com.tesco.clubcardmobile.tests.NoNetworkTest</td><td><a href="#m1">setUp</a></td><td rowspan="1">1439901713349</td><td rowspan="1">0</td></tr><tr class="failedeven"><td rowspan="1">com.tesco.clubcardmobile.tests.UserJourneyTest</td><td><a href="#m2">setUp</a></td><td rowspan="1">1439901713342</td><td rowspan="1">0</td></tr><tr><th colspan="4">Command line test &#8212; skipped (configuration methods)</th></tr><tr class="skippedeven"><td rowspan="1">com.tesco.clubcardmobile.tests.HomeTest</td><td><a href="#m3">tearDown</a></td><td rowspan="1">1439901713341</td><td rowspan="1">0</td></tr><tr class="skippedodd"><td rowspan="1">com.tesco.clubcardmobile.tests.NoNetworkTest</td><td><a href="#m4">setUp</a></td><td rowspan="1">1439901713364</td><td rowspan="1">0</td></tr><tr class="skippedeven"><td rowspan="1">com.tesco.clubcardmobile.tests.UserJourneyTest</td><td><a href="#m5">tearDown</a></td><td rowspan="1">1439901713346</td><td rowspan="1">0</td></tr><tr><th colspan="4">Command line test &#8212; skipped</th></tr><tr class="skippedeven"><td rowspan="1">com.tesco.clubcardmobile.tests.HomeTest</td><td><a href="#m6">verifyLogin</a></td><td rowspan="1">1439901713341</td><td rowspan="1">0</td></tr><tr class="skippedodd"><td rowspan="11">com.tesco.clubcardmobile.tests.NoNetworkTest</td><td><a href="#m7">verifyCouponsScreen</a></td><td rowspan="1">1439901713369</td><td rowspan="1">0</td></tr><tr class="skippedodd"><td><a href="#m8">verifyFAQScreen</a></td><td rowspan="1">1439901713371</td><td rowspan="1">0</td></tr><tr class="skippedodd"><td><a href="#m9">verifyHomeScreen</a></td><td rowspan="1">1439901713367</td><td rowspan="1">0</td></tr><tr class="skippedodd"><td><a href="#m10">verifyOffersScreen</a></td><td rowspan="1">1439901713370</td><td rowspan="1">0</td></tr><tr class="skippedodd"><td><a href="#m11">verifyProfileScreen</a></td><td rowspan="1">1439901713368</td><td rowspan="1">0</td></tr><tr class="skippedodd"><td><a href="#m12">verifyRegistrationFirstScreen</a></td><td rowspan="1">1439901713350</td><td rowspan="1">8</td></tr><tr class="skippedodd"><td><a href="#m13">verifyRegistrationSecondScreen</a></td><td rowspan="1">1439901713364</td><td rowspan="1">1</td></tr><tr class="skippedodd"><td><a href="#m14">verifySecureSignInScreen</a></td><td rowspan="1">1439901713366</td><td rowspan="1">0</td></tr><tr class="skippedodd"><td><a href="#m15">verifySignInScreen</a></td><td rowspan="1">1439901713366</td><td rowspan="1">0</td></tr><tr class="skippedodd"><td><a href="#m16">verifyStoreFinderScreen</a></td><td rowspan="1">1439901713367</td><td rowspan="1">0</td></tr><tr class="skippedodd"><td><a href="#m17">verifyTillScreen</a></td><td rowspan="1">1439901713371</td><td rowspan="1">0</td></tr><tr class="skippedeven"><td rowspan="1">com.tesco.clubcardmobile.tests.UserJourneyTest</td><td><a href="#m18">userJourney1</a></td><td rowspan="1">1439901713345</td><td rowspan="1">0</td></tr></tbody></table><h2>Command line test</h2><h3 id="m0">com.tesco.clubcardmobile.tests.HomeTest#setUp</h3><table class="result"><tr><th>Exception</th></tr><tr><td><div class="stacktrace">org.testng.TestNGException: 
Parameter &apos;DRIVER_NAME&apos; is required by @Configuration on method setUp but has not been marked @Optional or defined

... Removed 31 stack frames</div></td></tr></table><p class="totop"><a href="#summary">back to summary</a></p><h3 id="m1">com.tesco.clubcardmobile.tests.NoNetworkTest#setUp</h3><table class="result"><tr><th>Exception</th></tr><tr><td><div class="stacktrace">org.testng.TestNGException: 
Parameter &apos;DRIVER_NAME&apos; is required by @Configuration on method setUp but has not been marked @Optional or defined

... Removed 33 stack frames</div></td></tr></table><p class="totop"><a href="#summary">back to summary</a></p><h3 id="m2">com.tesco.clubcardmobile.tests.UserJourneyTest#setUp</h3><table class="result"><tr><th>Exception</th></tr><tr><td><div class="stacktrace">org.testng.TestNGException: 
Parameter &apos;DRIVER_NAME&apos; is required by @Configuration on method setUp but has not been marked @Optional or defined

... Removed 31 stack frames</div></td></tr></table><p class="totop"><a href="#summary">back to summary</a></p><h3 id="m3">com.tesco.clubcardmobile.tests.HomeTest#tearDown</h3><table class="result"></table><p class="totop"><a href="#summary">back to summary</a></p><h3 id="m4">com.tesco.clubcardmobile.tests.NoNetworkTest#setUp</h3><table class="result"></table><p class="totop"><a href="#summary">back to summary</a></p><h3 id="m5">com.tesco.clubcardmobile.tests.UserJourneyTest#tearDown</h3><table class="result"></table><p class="totop"><a href="#summary">back to summary</a></p><h3 id="m6">com.tesco.clubcardmobile.tests.HomeTest#verifyLogin</h3><table class="result"><tr><th>Exception</th></tr><tr><td><div class="stacktrace">org.testng.TestNGException: 
Parameter &apos;ENVIRONMENT&apos; is required by @Test on method verifyLogin but has not been marked @Optional or defined

... Removed 32 stack frames</div></td></tr></table><p class="totop"><a href="#summary">back to summary</a></p><h3 id="m7">com.tesco.clubcardmobile.tests.NoNetworkTest#verifyCouponsScreen</h3><table class="result"><tr><th>Exception</th></tr><tr><td><div class="stacktrace">org.testng.TestNGException: 
Parameter &apos;ENVIRONMENT&apos; is required by @Test on method verifyCouponsScreen but has not been marked @Optional or defined

... Removed 32 stack frames</div></td></tr></table><p class="totop"><a href="#summary">back to summary</a></p><h3 id="m8">com.tesco.clubcardmobile.tests.NoNetworkTest#verifyFAQScreen</h3><table class="result"><tr><th>Exception</th></tr><tr><td><div class="stacktrace">org.testng.TestNGException: 
Parameter &apos;ENVIRONMENT&apos; is required by @Test on method verifyFAQScreen but has not been marked @Optional or defined

... Removed 32 stack frames</div></td></tr></table><p class="totop"><a href="#summary">back to summary</a></p><h3 id="m9">com.tesco.clubcardmobile.tests.NoNetworkTest#verifyHomeScreen</h3><table class="result"><tr><th>Exception</th></tr><tr><td><div class="stacktrace">org.testng.TestNGException: 
Parameter &apos;ENVIRONMENT&apos; is required by @Test on method verifyHomeScreen but has not been marked @Optional or defined

... Removed 32 stack frames</div></td></tr></table><p class="totop"><a href="#summary">back to summary</a></p><h3 id="m10">com.tesco.clubcardmobile.tests.NoNetworkTest#verifyOffersScreen</h3><table class="result"><tr><th>Exception</th></tr><tr><td><div class="stacktrace">org.testng.TestNGException: 
Parameter &apos;ENVIRONMENT&apos; is required by @Test on method verifyOffersScreen but has not been marked @Optional or defined

... Removed 32 stack frames</div></td></tr></table><p class="totop"><a href="#summary">back to summary</a></p><h3 id="m11">com.tesco.clubcardmobile.tests.NoNetworkTest#verifyProfileScreen</h3><table class="result"><tr><th>Exception</th></tr><tr><td><div class="stacktrace">org.testng.TestNGException: 
Parameter &apos;ENVIRONMENT&apos; is required by @Test on method verifyProfileScreen but has not been marked @Optional or defined

... Removed 32 stack frames</div></td></tr></table><p class="totop"><a href="#summary">back to summary</a></p><h3 id="m12">com.tesco.clubcardmobile.tests.NoNetworkTest#verifyRegistrationFirstScreen</h3><table class="result"></table><p class="totop"><a href="#summary">back to summary</a></p><h3 id="m13">com.tesco.clubcardmobile.tests.NoNetworkTest#verifyRegistrationSecondScreen</h3><table class="result"></table><p class="totop"><a href="#summary">back to summary</a></p><h3 id="m14">com.tesco.clubcardmobile.tests.NoNetworkTest#verifySecureSignInScreen</h3><table class="result"><tr><th>Exception</th></tr><tr><td><div class="stacktrace">org.testng.TestNGException: 
Parameter &apos;ENVIRONMENT&apos; is required by @Test on method verifySecureSignInScreen but has not been marked @Optional or defined

... Removed 32 stack frames</div></td></tr></table><p class="totop"><a href="#summary">back to summary</a></p><h3 id="m15">com.tesco.clubcardmobile.tests.NoNetworkTest#verifySignInScreen</h3><table class="result"><tr><th>Exception</th></tr><tr><td><div class="stacktrace">org.testng.TestNGException: 
Parameter &apos;USERNAME&apos; is required by @Test on method verifySignInScreen but has not been marked @Optional or defined

... Removed 32 stack frames</div></td></tr></table><p class="totop"><a href="#summary">back to summary</a></p><h3 id="m16">com.tesco.clubcardmobile.tests.NoNetworkTest#verifyStoreFinderScreen</h3><table class="result"><tr><th>Exception</th></tr><tr><td><div class="stacktrace">org.testng.TestNGException: 
Parameter &apos;ENVIRONMENT&apos; is required by @Test on method verifyStoreFinderScreen but has not been marked @Optional or defined

... Removed 32 stack frames</div></td></tr></table><p class="totop"><a href="#summary">back to summary</a></p><h3 id="m17">com.tesco.clubcardmobile.tests.NoNetworkTest#verifyTillScreen</h3><table class="result"><tr><th>Exception</th></tr><tr><td><div class="stacktrace">org.testng.TestNGException: 
Parameter &apos;ENVIRONMENT&apos; is required by @Test on method verifyTillScreen but has not been marked @Optional or defined

... Removed 32 stack frames</div></td></tr></table><p class="totop"><a href="#summary">back to summary</a></p><h3 id="m18">com.tesco.clubcardmobile.tests.UserJourneyTest#userJourney1</h3><table class="result"><tr><th>Exception</th></tr><tr><td><div class="stacktrace">org.testng.TestNGException: 
Parameter &apos;ENVIRONMENT&apos; is required by @Test on method userJourney1 but has not been marked @Optional or defined

... Removed 32 stack frames</div></td></tr></table><p class="totop"><a href="#summary">back to summary</a></p></body></html>